[award.com-ib.info/lp/12689619/indexd008.html]
[backblue.gif]
[fade.gif]
[index.html]
[cdn.mobile-info.click/all/spin_auto_email/img/1.png]
[cdn.mobile-info.click/all/spin_auto_email/img/sprite_fb.png]
[cdn.4plus.club/static/sweep/global/menusprite.png]
[cdn.mobile-info.click/all/lrdctr/naf/US/add.js]
[ajax.googleapis.com/ajax/libs/jquery/1.3.2/jquery.min.js]
[cdn.mobile-info.click/all/spin_auto_email/img/prizewheel/prizewheel_amazon100.png]
[cdn.mobile-info.click/all/spin_auto_email/img/prize/amazon100.png]
[cdn.mobile-info.click/all/lrdctr/naf/US/1.jpg]
[cdn.mobile-info.click/all/lrdctr/naf/US/2.jpg]
[cdn.mobile-info.click/all/lrdctr/naf/US/3.jpg]
[cdn.mobile-info.click/all/lrdctr/naf/US/4.jpg]
[cdn.mobile-info.click/all/lrdctr/naf/US/5.jpg]
[cdn.mobile-info.click/all/lrdctr/naf/US/6.jpg]
[cdn.mobile-info.click/all/lrdctr/naf/US/7.jpg]
[cdn.mobile-info.click/all/spin_auto_email/img/proof/amazon.jpg]
[cdn.mobile-info.click/all/lrdctr/naf/US/8.jpg]
[cdn.mobile-info.click/all/spin_auto_email/img/variations/amazon100.png]
[cdn.mobile-info.click/all/spin_auto_email/img/loading.gif]
[award.com-ib.info/lp/12689619/indexd008.html]
